<?xml version="1.0" encoding="UTF-8"?>
<testsuite name="SILab2Test" tests="2" skipped="0" failures="0" errors="0" timestamp="2023-05-19T16:51:32" hostname="ANDREJ-LAPTOP" time="0.047">
  <properties/>
  <testcase name="everyBranchTest()" classname="SILab2Test" time="0.041"/>
  <testcase name="multipleConditionTest()" classname="SILab2Test" time="0.005"/>
  <system-out><![CDATA[]]></system-out>
  <system-err><![CDATA[]]></system-err>
</testsuite>
